2026-03-01 12:25:17 - root - INFO - Logging initialized - Level: INFO, File: logs/app.log
2026-03-01 12:25:17 - root - INFO - Application started
2026-03-01 12:25:17 - root - INFO - Starting extraction of 2 pages
2026-03-01 12:25:18 - root - INFO - Extraction completed: 100 events extracted
2026-03-01 12:25:18 - root - INFO - Application finished
2026-03-01 12:27:33 - root - INFO - Logging initialized - Level: DEBUG, File: logs/app.log
2026-03-01 12:27:33 - __main__ - INFO - Application started
2026-03-01 12:27:33 - src.extractors.event_name_extractor - INFO - Starting extraction of 2 pages
2026-03-01 12:27:33 - urllib3.connectionpool - DEBUG - Starting new HTTPS connection (1): openresults.run:443
2026-03-01 12:27:34 - urllib3.connectionpool - DEBUG - https://openresults.run:443 "GET /api/eventos.cfm?page=1 HTTP/1.1" 200 None
2026-03-01 12:27:34 - src.extractors.event_name_extractor - DEBUG - Page 1 extracted 50 events (total=50)
2026-03-01 12:27:35 - urllib3.connectionpool - DEBUG - https://openresults.run:443 "GET /api/eventos.cfm?page=2 HTTP/1.1" 200 None
2026-03-01 12:27:35 - src.extractors.event_name_extractor - DEBUG - Page 2 extracted 50 events (total=100)
2026-03-01 12:27:35 - src.extractors.event_name_extractor - INFO - Extraction completed: 100 events extracted
2026-03-01 12:27:35 - __main__ - INFO - Application finished
2026-03-01 12:31:12 - root - INFO - Logging initialized - Level: INFO, File: logs/app.log
2026-03-01 12:31:12 - main - INFO - Application started
2026-03-01 12:31:12 - EventNameExtractor - INFO - Starting extraction of 2 pages
2026-03-01 12:31:12 - EventNameExtractor - INFO - Page 1 extracted 50 events (total=50)
2026-03-01 12:31:26 - root - INFO - Logging initialized - Level: INFO, File: logs/app.log
2026-03-01 12:31:26 - main - INFO - Application started
2026-03-01 12:31:26 - EventNameExtractor - INFO - Starting extraction of 2 pages
2026-03-01 12:31:26 - EventNameExtractor - INFO - Page 1 extracted 50 events (total=50)
2026-03-01 12:31:27 - EventNameExtractor - INFO - Page 2 extracted 50 events (total=100)
2026-03-01 12:31:27 - EventNameExtractor - INFO - Extraction completed: 100 events extracted
2026-03-01 12:31:27 - main - INFO - Application finished
